<?xml version="1.0" encoding="UTF-8"?>
<testsuite xmlns:xsi="http://www.w3.org/2001/XMLSchema-instance" xsi:noNamespaceSchemaLocation="https://maven.apache.org/surefire/maven-surefire-plugin/xsd/surefire-test-report-3.0.xsd" version="3.0" name="com.devopsacademy.AppTest" time="0.243" tests="1" errors="0" skipped="0" failures="0">
  <properties>
    <property name="sun.desktop" value="windows"/>
    <property name="awt.toolkit" value="sun.awt.windows.WToolkit"/>
    <property name="file.encoding.pkg" value="sun.io"/>
    <property name="java.specification.version" value="1.8"/>
    <property name="sun.cpu.isalist" value="amd64"/>
    <property name="sun.jnu.encoding" value="Cp1252"/>
    <property name="java.class.path" value="C:\Users\passy\Downloads\devops-standalone-app-fixed\target\test-classes;C:\Users\passy\Downloads\devops-standalone-app-fixed\target\classes;C:\Users\passy\.m2\repository\log4j\log4j\1.2.17\log4j-1.2.17.jar;C:\Users\passy\.m2\repository\junit\junit\4.13.2\junit-4.13.2.jar;C:\Users\passy\.m2\repository\org\hamcrest\hamcrest-core\1.3\hamcrest-core-1.3.jar;"/>
    <property name="java.vm.vendor" value="Temurin"/>
    <property name="sun.arch.data.model" value="64"/>
    <property name="user.variant" value=""/>
    <property name="java.vendor.url" value="https://adoptium.net/"/>
    <property name="user.timezone" value="Europe/London"/>
    <property name="java.vm.specification.version" value="1.8"/>
    <property name="os.name" value="Windows 11"/>
    <property name="user.country" value="GB"/>
    <property name="sun.java.launcher" value="SUN_STANDARD"/>
    <property name="sun.boot.library.path" value="C:\Users\passy\AppData\Roaming\Code\User\globalStorage\pleiades.java-extension-pack-jdk\java\8\jre\bin"/>
    <property name="sun.java.command" value="C:\Users\passy\AppData\Local\Temp\surefire7201368982403460166\surefirebooter-20250504161126485_3.jar C:\Users\passy\AppData\Local\Temp\surefire7201368982403460166 2025-05-04T16-11-25_603-jvmRun1 surefire-20250504161126485_1tmp surefire_0-20250504161126485_2tmp"/>
    <property name="surefire.test.class.path" value="C:\Users\passy\Downloads\devops-standalone-app-fixed\target\test-classes;C:\Users\passy\Downloads\devops-standalone-app-fixed\target\classes;C:\Users\passy\.m2\repository\log4j\log4j\1.2.17\log4j-1.2.17.jar;C:\Users\passy\.m2\repository\junit\junit\4.13.2\junit-4.13.2.jar;C:\Users\passy\.m2\repository\org\hamcrest\hamcrest-core\1.3\hamcrest-core-1.3.jar;"/>
    <property name="sun.cpu.endian" value="little"/>
    <property name="user.home" value="C:\Users\passy"/>
    <property name="user.language" value="en"/>
    <property name="java.specification.vendor" value="Oracle Corporation"/>
    <property name="java.home" value="C:\Users\passy\AppData\Roaming\Code\User\globalStorage\pleiades.java-extension-pack-jdk\java\8\jre"/>
    <property name="basedir" value="C:\Users\passy\Downloads\devops-standalone-app-fixed"/>
    <property name="file.separator" value="\"/>
    <property name="line.separator" value="&#10;"/>
    <property name="java.vm.specification.vendor" value="Oracle Corporation"/>
    <property name="java.specification.name" value="Java Platform API Specification"/>
    <property name="java.awt.graphicsenv" value="sun.awt.Win32GraphicsEnvironment"/>
    <property name="surefire.real.class.path" value="C:\Users\passy\AppData\Local\Temp\surefire7201368982403460166\surefirebooter-20250504161126485_3.jar"/>
    <property name="sun.boot.class.path" value="C:\Users\passy\AppData\Roaming\Code\User\globalStorage\pleiades.java-extension-pack-jdk\java\8\jre\lib\resources.jar;C:\Users\passy\AppData\Roaming\Code\User\globalStorage\pleiades.java-extension-pack-jdk\java\8\jre\lib\rt.jar;C:\Users\passy\AppData\Roaming\Code\User\globalStorage\pleiades.java-extension-pack-jdk\java\8\jre\lib\sunrsasign.jar;C:\Users\passy\AppData\Roaming\Code\User\globalStorage\pleiades.java-extension-pack-jdk\java\8\jre\lib\jsse.jar;C:\Users\passy\AppData\Roaming\Code\User\globalStorage\pleiades.java-extension-pack-jdk\java\8\jre\lib\jce.jar;C:\Users\passy\AppData\Roaming\Code\User\globalStorage\pleiades.java-extension-pack-jdk\java\8\jre\lib\charsets.jar;C:\Users\passy\AppData\Roaming\Code\User\globalStorage\pleiades.java-extension-pack-jdk\java\8\jre\lib\jfr.jar;C:\Users\passy\AppData\Roaming\Code\User\globalStorage\pleiades.java-extension-pack-jdk\java\8\jre\classes"/>
    <property name="user.script" value=""/>
    <property name="sun.management.compiler" value="HotSpot 64-Bit Tiered Compilers"/>
    <property name="java.runtime.version" value="1.8.0_452-b09"/>
    <property name="user.name" value="passy"/>
    <property name="path.separator" value=";"/>
    <property name="os.version" value="10.0"/>
    <property name="java.endorsed.dirs" value="C:\Users\passy\AppData\Roaming\Code\User\globalStorage\pleiades.java-extension-pack-jdk\java\8\jre\lib\endorsed"/>
    <property name="java.runtime.name" value="OpenJDK Runtime Environment"/>
    <property name="file.encoding" value="Cp1252"/>
    <property name="java.vm.name" value="OpenJDK 64-Bit Server VM"/>
    <property name="localRepository" value="C:\Users\passy\.m2\repository"/>
    <property name="java.vendor.url.bug" value="https://github.com/adoptium/adoptium-support/issues"/>
    <property name="java.io.tmpdir" value="C:\Users\passy\AppData\Local\Temp\"/>
    <property name="java.version" value="1.8.0_452"/>
    <property name="user.dir" value="C:\Users\passy\Downloads\devops-standalone-app-fixed"/>
    <property name="os.arch" value="amd64"/>
    <property name="java.vm.specification.name" value="Java Virtual Machine Specification"/>
    <property name="java.awt.printerjob" value="sun.awt.windows.WPrinterJob"/>
    <property name="sun.os.patch.level" value=""/>
    <property name="java.library.path" value="C:\Users\passy\AppData\Roaming\Code\User\globalStorage\pleiades.java-extension-pack-jdk\java\8\jre\bin;C:\WINDOWS\Sun\Java\bin;C:\WINDOWS\system32;C:\WINDOWS;C:\Users\passy\AppData\Roaming\Code\User\globalStorage\pleiades.java-extension-pack-jdk\gradle\latest\bin;C:\Users\passy\AppData\Roaming\Code\User\globalStorage\pleiades.java-extension-pack-jdk\maven\latest\bin;C:\Users\passy\AppData\Roaming\Code\User\globalStorage\pleiades.java-extension-pack-jdk\java\8\bin;C:\WINDOWS\system32;C:\WINDOWS;C:\WINDOWS\System32\Wbem;C:\WINDOWS\System32\WindowsPowerShell\v1.0\;C:\WINDOWS\System32\OpenSSH\;C:\ProgramData\chocolatey\bin;C:\Program Files\Git\cmd;C:\Users\passy\Music\jdk-23.0.1;C:\Users\passy\Music\apache-maven-3.9.9-bin;C:\Program Files\Amazon\AWSCLIV2\;C:\Users\passy\AppData\Local\Microsoft\WindowsApps;C:\Users\passy\Music\terraform-bin;C:\Users\passy\AppData\Local\Programs\Microsoft VS Code\bin;C:\Users\passy\AppData\Local\GitHubDesktop\bin;C:\Users\passy\Music\apache-maven-3.9.9-bin;C:\Users\passy\Music\jdk-23.0.1;;c:\Users\passy\AppData\Roaming\Code\User\globalStorage\github.copilot-chat\debugCommand;."/>
    <property name="java.vm.info" value="mixed mode"/>
    <property name="java.vendor" value="Temurin"/>
    <property name="java.vm.version" value="25.452-b09"/>
    <property name="java.specification.maintenance.version" value="6"/>
    <property name="java.ext.dirs" value="C:\Users\passy\AppData\Roaming\Code\User\globalStorage\pleiades.java-extension-pack-jdk\java\8\jre\lib\ext;C:\WINDOWS\Sun\Java\lib\ext"/>
    <property name="sun.io.unicode.encoding" value="UnicodeLittle"/>
    <property name="java.class.version" value="52.0"/>
  </properties>
  <testcase name="testSayHello" classname="com.devopsacademy.AppTest" time="0.103"/>
</testsuite>